<?xml version="1.0" encoding="UTF-8"?>
<testsuites>
  <testsuite name="navigating_to_contact_us_page" timestamp="2020-03-07T11:49:14" time="6.769" tests="1" failures="0" errors="0" skipped="0">
    <properties>
      <property name="specId" value="0"/>
      <property name="suiteName" value="navigating to contact-us page"/>
      <property name="capabilities" value="chrome.80_0_3987_132.macosx"/>
      <property name="file" value="./test/specs/ta-contact-us.spec.js"/>
    </properties>
    <testcase classname="chrome.80_0_3987_132.macosx.navigating_to_contact_us_page" name="should_allow_user_to_navigating_contact_us_page" time="6.765"/>
  </testsuite>
</testsuites>